<?xml version="1.0" encoding="UTF-8"?>
<!-- Generated by org.testng.reporters.JUnitXMLReporter -->
<testsuite ignored="2" hostname="HIPUNL133672" failures="0" tests="1" name="Default test" time="1.572" errors="0" timestamp="2022-05-30T18:45:05 IST">
  <testcase classname="GET" name="f2" time="1.539"/>
  <testcase classname="GET" name="get_stvgoal" time="0.0">
    <ignored/>
  </testcase> <!-- get_stvgoal -->
  <testcase classname="GET" name="f3" time="0.0">
    <ignored/>
  </testcase> <!-- f3 -->
</testsuite> <!-- Default test -->
