<?xml version="1.0" encoding="UTF-8"?>
<testng-results ignored="2" total="3" passed="1" failed="0" skipped="0">
  <reporter-output>
  </reporter-output>
  <suite started-at="2022-05-30T18:45:03 IST" name="Default suite" finished-at="2022-05-30T18:45:05 IST" duration-ms="1572">
    <groups>
    </groups>
    <test started-at="2022-05-30T18:45:03 IST" name="Default test" finished-at="2022-05-30T18:45:05 IST" duration-ms="1572">
      <class name="GET">
        <test-method signature="f2()[pri:0, instance:GET@6c779568]" started-at="2022-05-30T18:45:03 IST" name="f2" finished-at="2022-05-30T18:45:05 IST" duration-ms="1539" status="PASS">
          <reporter-output>
          </reporter-output>
        </test-method> <!-- f2 -->
      </class> <!-- GET -->
    </test> <!-- Default test -->
  </suite> <!-- Default suite -->
</testng-results>
